 
****************************************
Report : timing
        -path full
        -delay max
        -max_paths 1
Design : QuadCopter
Version: M-2016.12
Date   : Mon Dec 11 10:17:59 2017
****************************************

 # A fanout number of 1000 was used for high fanout net computations.

Operating Conditions: NCCOM   Library: tcbn40lpbwptc
Wire Load Model Mode: segmented

  Startpoint: iA2D/iSPI/state_reg[0]
              (rising edge-triggered flip-flop)
  Endpoint: SCLK_A2D (output port)
  Path Group: (none)
  Path Type: max

  Des/Clust/Port     Wire Load Model       Library
  ------------------------------------------------
  QuadCopter         ZeroWireload          tcbn40lpbwptc

  Point                                                   Incr       Path
  --------------------------------------------------------------------------
  iA2D/iSPI/state_reg[0]/CP (DFCNQD1BWP)                  0.00 #     0.00 r
  iA2D/iSPI/state_reg[0]/Q (DFCNQD1BWP)                   0.13       0.13 f
  U4543/ZN (NR2D0BWP)                                     0.06       0.19 r
  U4542/ZN (IND2D0BWP)                                    0.05       0.24 r
  SCLK_A2D (out)                                          0.00       0.24 r
  data arrival time                                                  0.24
  --------------------------------------------------------------------------
  (Path is unconstrained)


1
