Information: Updating design information... (UID-85)
Warning: Design 'QuadCopter' contains 1 high-fanout nets. A fanout number of 1000 will be used for delay calculations involving these nets. (TIM-134)
 
****************************************
Report : timing
        -path full
        -delay min
        -max_paths 1
Design : QuadCopter
Version: M-2016.12
Date   : Fri Dec  8 12:15:08 2017
****************************************

 # A fanout number of 1000 was used for high fanout net computations.

Operating Conditions: NCCOM   Library: tcbn40lpbwptc
Wire Load Model Mode: segmented

  Startpoint: iNEMO/iII/ay_accum_reg[19]
              (rising edge-triggered flip-flop clocked by clk)
  Endpoint: iNEMO/iII/ay_avg_reg[15]
            (rising edge-triggered flip-flop clocked by clk)
  Path Group: clk
  Path Type: min

  Des/Clust/Port     Wire Load Model       Library
  ------------------------------------------------
  QuadCopter         TSMC32K_Lowk_Conservative
                                           tcbn40lpbwptc

  Point                                                   Incr       Path
  --------------------------------------------------------------------------
  clock clk (rise edge)                                   0.00       0.00
  clock network delay (ideal)                             0.00       0.00
  iNEMO/iII/ay_accum_reg[19]/CP (DFCNQD1BWP)              0.00 #     0.00 r
  iNEMO/iII/ay_accum_reg[19]/Q (DFCNQD1BWP)               0.14       0.14 f
  iNEMO/iII/ay_avg_reg[15]/D (EDFCNQD2BWP)                0.00       0.14 f
  data arrival time                                                  0.14

  clock clk (rise edge)                                   0.00       0.00
  clock network delay (ideal)                             0.00       0.00
  clock uncertainty                                       0.15       0.15
  iNEMO/iII/ay_avg_reg[15]/CP (EDFCNQD2BWP)               0.00       0.15 r
  library hold time                                      -0.01       0.14
  data required time                                                 0.14
  --------------------------------------------------------------------------
  data required time                                                 0.14
  data arrival time                                                 -0.14
  --------------------------------------------------------------------------
  slack (MET)                                                        0.00


1
