 
****************************************
Report : timing
        -path full
        -delay min
        -max_paths 1
Design : QuadCopter
Version: M-2016.12
Date   : Wed Dec  6 10:40:57 2017
****************************************

 # A fanout number of 1000 was used for high fanout net computations.

Operating Conditions: NCCOM   Library: tcbn40lpbwptc
Wire Load Model Mode: segmented

  Startpoint: iNEMO/iII/yaw_int_reg[14]
              (rising edge-triggered flip-flop clocked by clk)
  Endpoint: iNEMO/iII/yaw_int_reg[14]
            (rising edge-triggered flip-flop clocked by clk)
  Path Group: clk
  Path Type: min

  Des/Clust/Port     Wire Load Model       Library
  ------------------------------------------------
  QuadCopter         TSMC32K_Lowk_Conservative
                                           tcbn40lpbwptc

  Point                                                   Incr       Path
  --------------------------------------------------------------------------
  clock clk (rise edge)                                   0.00       0.00
  clock network delay (ideal)                             0.00       0.00
  iNEMO/iII/yaw_int_reg[14]/CP (DFCND4BWP)                0.00 #     0.00 r
  iNEMO/iII/yaw_int_reg[14]/Q (DFCND4BWP)                 0.11       0.11 f
  U10890/ZN (CKND2BWP)                                    0.02       0.13 r
  U10891/ZN (OAI22D1BWP)                                  0.03       0.16 f
  iNEMO/iII/yaw_int_reg[14]/D (DFCND4BWP)                 0.00       0.16 f
  data arrival time                                                  0.16

  clock clk (rise edge)                                   0.00       0.00
  clock network delay (ideal)                             0.00       0.00
  clock uncertainty                                       0.15       0.15
  iNEMO/iII/yaw_int_reg[14]/CP (DFCND4BWP)                0.00       0.15 r
  library hold time                                       0.01       0.16
  data required time                                                 0.16
  --------------------------------------------------------------------------
  data required time                                                 0.16
  data arrival time                                                 -0.16
  --------------------------------------------------------------------------
  slack (MET)                                                        0.00


1
