 
****************************************
Report : timing
        -path full
        -delay max
        -max_paths 1
Design : QuadCopter
Version: M-2016.12
Date   : Wed Dec  6 10:40:57 2017
****************************************

 # A fanout number of 1000 was used for high fanout net computations.

Operating Conditions: NCCOM   Library: tcbn40lpbwptc
Wire Load Model Mode: segmented

  Startpoint: iNEMO/yaw_rt_reg[0]
              (rising edge-triggered flip-flop clocked by clk)
  Endpoint: iNEMO/iII/yaw_int_reg[26]
            (rising edge-triggered flip-flop clocked by clk)
  Path Group: clk
  Path Type: max

  Des/Clust/Port     Wire Load Model       Library
  ------------------------------------------------
  QuadCopter         TSMC32K_Lowk_Conservative
                                           tcbn40lpbwptc

  Point                                                   Incr       Path
  --------------------------------------------------------------------------
  clock clk (rise edge)                                   0.00       0.00
  clock network delay (ideal)                             0.00       0.00
  iNEMO/yaw_rt_reg[0]/CP (DFCNQD1BWP)                     0.00 #     0.00 r
  iNEMO/yaw_rt_reg[0]/Q (DFCNQD1BWP)                      0.13       0.13 f
  U5030/ZN (CKND2BWP)                                     0.02       0.15 r
  U5029/ZN (CKND2D4BWP)                                   0.02       0.18 f
  U5022/Z (XOR3D2BWP)                                     0.10       0.28 r
  U5021/ZN (OAI21D4BWP)                                   0.03       0.30 f
  U5020/ZN (ND2D4BWP)                                     0.03       0.33 r
  U5012/ZN (ND3D8BWP)                                     0.04       0.37 f
  U5011/ZN (ND2D2BWP)                                     0.02       0.39 r
  U5010/ZN (ND3D3BWP)                                     0.03       0.42 f
  iNEMO/iII/add_134/U1_3/CO (FA1D1BWP)                    0.07       0.49 f
  iNEMO/iII/add_134/U1_4/CO (FA1D2BWP)                    0.08       0.57 f
  U4274/ZN (ND2D3BWP)                                     0.02       0.59 r
  U5045/ZN (ND3D3BWP)                                     0.03       0.63 f
  iNEMO/iII/add_134/U1_6/CO (FA1D1BWP)                    0.07       0.69 f
  iNEMO/iII/add_134/U1_7/CO (FA1D1BWP)                    0.07       0.76 f
  iNEMO/iII/add_134/U1_8/CO (FA1D1BWP)                    0.07       0.83 f
  iNEMO/iII/add_134/U1_9/CO (FA1D1BWP)                    0.07       0.90 f
  iNEMO/iII/add_134/U1_10/CO (FA1D1BWP)                   0.07       0.96 f
  iNEMO/iII/add_134/U1_11/CO (FA1D2BWP)                   0.07       1.04 f
  iNEMO/iII/add_134/U1_12/CO (FA1D1BWP)                   0.07       1.10 f
  U5076/ZN (MAOI222D1BWP)                                 0.06       1.16 r
  U5069/CON (FCICOND2BWP)                                 0.12       1.28 f
  U5068/ZN (MAOI222D1BWP)                                 0.06       1.34 r
  U5064/CON (FCICOND2BWP)                                 0.12       1.46 f
  U5063/ZN (MAOI222D1BWP)                                 0.06       1.52 r
  U5062/CON (FCICOND1BWP)                                 0.07       1.59 f
  U5060/CON (FCICOND2BWP)                                 0.13       1.72 r
  U5066/CON (FCICOND1BWP)                                 0.04       1.76 f
  U5106/CON (FCICOND2BWP)                                 0.13       1.89 r
  U5105/CON (FCICOND1BWP)                                 0.05       1.94 f
  U5103/ZN (CKND2BWP)                                     0.03       1.97 r
  U5102/CON (FCICOND1BWP)                                 0.05       2.02 f
  U5100/CON (FCICOND2BWP)                                 0.13       2.15 r
  U4252/ZN (INVD3BWP)                                     0.02       2.17 f
  U5098/ZN (MAOI222D1BWP)                                 0.06       2.23 r
  U5095/Z (MUX2D1BWP)                                     0.09       2.32 f
  U5094/ZN (NR2D2BWP)                                     0.03       2.35 r
  U5091/ZN (MUX2ND0BWP)                                   0.04       2.38 f
  iNEMO/iII/yaw_int_reg[26]/D (DFCND1BWP)                 0.00       2.38 f
  data arrival time                                                  2.38

  clock clk (rise edge)                                   2.50       2.50
  clock network delay (ideal)                             0.00       2.50
  clock uncertainty                                      -0.15       2.35
  iNEMO/iII/yaw_int_reg[26]/CP (DFCND1BWP)                0.00       2.35 r
  library setup time                                     -0.01       2.34
  data required time                                                 2.34
  --------------------------------------------------------------------------
  data required time                                                 2.34
  data arrival time                                                 -2.38
  --------------------------------------------------------------------------
  slack (VIOLATED)                                                  -0.05


1
